heap max 11538432 min 11538432 total 189045669888 avg 11538432.000000 imb 1.000000
heapmax max 11538432 min 11538432 total 189045669888 avg 11538432.000000 imb 1.000000
mmap max 9441280 min 9441280 total 154685931520 avg 9441280.000000 imb 1.000000
refine, comm_size 1
nverts max 9 min 9 total 9 avg 9.000000 imb 1.000000
nelem max 12 min 12 total 12 avg 12.000000 imb 1.000000
nneigh max 0 min 0 total 0 avg 0.000000 imb nan
heap max 11603968 min 11603968 total 11603968 avg 11603968.000000 imb 1.000000
heapmax max 11603968 min 11603968 total 11603968 avg 11603968.000000 imb 1.000000
mmap max 9506816 min 9506816 total 9506816 avg 9506816.000000 imb 1.000000
refine_subgroup took 0.021856 seconds
refine, comm_size 1
nverts max 15 min 15 total 15 avg 15.000000 imb 1.000000
nelem max 24 min 24 total 24 avg 24.000000 imb 1.000000
nneigh max 0 min 0 total 0 avg 0.000000 imb nan
heap max 11603968 min 11603968 total 11603968 avg 11603968.000000 imb 1.000000
heapmax max 11603968 min 11603968 total 11603968 avg 11603968.000000 imb 1.000000
mmap max 9506816 min 9506816 total 9506816 avg 9506816.000000 imb 1.000000
refine_subgroup took 0.021856 seconds
refine, comm_size 1
nverts max 27 min 27 total 27 avg 27.000000 imb 1.000000
nelem max 48 min 48 total 48 avg 48.000000 imb 1.000000
nneigh max 0 min 0 total 0 avg 0.000000 imb nan
heap max 11603968 min 11603968 total 11603968 avg 11603968.000000 imb 1.000000
heapmax max 11603968 min 11603968 total 11603968 avg 11603968.000000 imb 1.000000
mmap max 9506816 min 9506816 total 9506816 avg 9506816.000000 imb 1.000000
refine_subgroup took 0.023265 seconds
refine, comm_size 1
nverts max 35 min 35 total 35 avg 35.000000 imb 1.000000
nelem max 96 min 96 total 96 avg 96.000000 imb 1.000000
nneigh max 0 min 0 total 0 avg 0.000000 imb nan
heap max 11603968 min 11603968 total 11603968 avg 11603968.000000 imb 1.000000
heapmax max 11603968 min 11603968 total 11603968 avg 11603968.000000 imb 1.000000
mmap max 9506816 min 9506816 total 9506816 avg 9506816.000000 imb 1.000000
refine_subgroup took 0.022476 seconds
refine, comm_size 1
nverts max 71 min 71 total 71 avg 71.000000 imb 1.000000
nelem max 192 min 192 total 192 avg 192.000000 imb 1.000000
nneigh max 0 min 0 total 0 avg 0.000000 imb nan
heap max 11603968 min 11603968 total 11603968 avg 11603968.000000 imb 1.000000
heapmax max 11603968 min 11603968 total 11603968 avg 11603968.000000 imb 1.000000
mmap max 9506816 min 9506816 total 9506816 avg 9506816.000000 imb 1.000000
refine_subgroup took 0.028875 seconds
refine, comm_size 1
nverts max 125 min 125 total 125 avg 125.000000 imb 1.000000
nelem max 384 min 384 total 384 avg 384.000000 imb 1.000000
nneigh max 0 min 0 total 0 avg 0.000000 imb nan
heap max 11603968 min 11603968 total 11603968 avg 11603968.000000 imb 1.000000
heapmax max 11603968 min 11603968 total 11603968 avg 11603968.000000 imb 1.000000
mmap max 9506816 min 9506816 total 9506816 avg 9506816.000000 imb 1.000000
refine_subgroup took 0.033036 seconds
refine, comm_size 1
nverts max 189 min 189 total 189 avg 189.000000 imb 1.000000
nelem max 768 min 768 total 768 avg 768.000000 imb 1.000000
nneigh max 0 min 0 total 0 avg 0.000000 imb nan
heap max 11603968 min 11603968 total 11603968 avg 11603968.000000 imb 1.000000
heapmax max 11603968 min 11603968 total 11603968 avg 11603968.000000 imb 1.000000
mmap max 9506816 min 9506816 total 9506816 avg 9506816.000000 imb 1.000000
refine_subgroup took 0.037212 seconds
refine, comm_size 1
nverts max 429 min 429 total 429 avg 429.000000 imb 1.000000
nelem max 1536 min 1536 total 1536 avg 1536.000000 imb 1.000000
nneigh max 0 min 0 total 0 avg 0.000000 imb nan
heap max 11603968 min 11603968 total 11603968 avg 11603968.000000 imb 1.000000
heapmax max 11603968 min 11603968 total 11603968 avg 11603968.000000 imb 1.000000
mmap max 9506816 min 9506816 total 9506816 avg 9506816.000000 imb 1.000000
refine_subgroup took 0.083752 seconds
refine, comm_size 1
nverts max 729 min 729 total 729 avg 729.000000 imb 1.000000
nelem max 3072 min 3072 total 3072 avg 3072.000000 imb 1.000000
nneigh max 0 min 0 total 0 avg 0.000000 imb nan
heap max 11603968 min 11603968 total 11603968 avg 11603968.000000 imb 1.000000
heapmax max 11603968 min 11603968 total 11603968 avg 11603968.000000 imb 1.000000
mmap max 9506816 min 9506816 total 9506816 avg 9506816.000000 imb 1.000000
refine_subgroup took 0.099447 seconds
refine, comm_size 1
nverts max 1241 min 1241 total 1241 avg 1241.000000 imb 1.000000
nelem max 6144 min 6144 total 6144 avg 6144.000000 imb 1.000000
nneigh max 0 min 0 total 0 avg 0.000000 imb nan
heap max 11603968 min 11603968 total 11603968 avg 11603968.000000 imb 1.000000
heapmax max 11603968 min 11603968 total 11603968 avg 11603968.000000 imb 1.000000
mmap max 9506816 min 9506816 total 9506816 avg 9506816.000000 imb 1.000000
refine_subgroup took 0.171782 seconds
refine, comm_size 1
nverts max 2969 min 2969 total 2969 avg 2969.000000 imb 1.000000
nelem max 12288 min 12288 total 12288 avg 12288.000000 imb 1.000000
nneigh max 0 min 0 total 0 avg 0.000000 imb nan
heap max 11603968 min 11603968 total 11603968 avg 11603968.000000 imb 1.000000
heapmax max 11603968 min 11603968 total 11603968 avg 11603968.000000 imb 1.000000
mmap max 9506816 min 9506816 total 9506816 avg 9506816.000000 imb 1.000000
refine_subgroup took 0.521713 seconds
refine, comm_size 1
nverts max 4913 min 4913 total 4913 avg 4913.000000 imb 1.000000
nelem max 24576 min 24576 total 24576 avg 24576.000000 imb 1.000000
nneigh max 0 min 0 total 0 avg 0.000000 imb nan
heap max 11603968 min 11603968 total 11603968 avg 11603968.000000 imb 1.000000
heapmax max 11603968 min 11603968 total 11603968 avg 11603968.000000 imb 1.000000
mmap max 9506816 min 9506816 total 9506816 avg 9506816.000000 imb 1.000000
refine_subgroup took 0.583057 seconds
refine, comm_size 1
nverts max 9009 min 9009 total 9009 avg 9009.000000 imb 1.000000
nelem max 49152 min 49152 total 49152 avg 49152.000000 imb 1.000000
nneigh max 0 min 0 total 0 avg 0.000000 imb nan
heap max 11603968 min 11603968 total 11603968 avg 11603968.000000 imb 1.000000
heapmax max 11603968 min 11603968 total 11603968 avg 11603968.000000 imb 1.000000
mmap max 9506816 min 9506816 total 9506816 avg 9506816.000000 imb 1.000000
refine_subgroup took 1.309360 seconds
refine, comm_size 1
nverts max 22065 min 22065 total 22065 avg 22065.000000 imb 1.000000
nelem max 98304 min 98304 total 98304 avg 98304.000000 imb 1.000000
nneigh max 0 min 0 total 0 avg 0.000000 imb nan
heap max 15298560 min 15298560 total 15298560 avg 15298560.000000 imb 1.000000
heapmax max 15298560 min 15298560 total 15298560 avg 15298560.000000 imb 1.000000
mmap max 11722752 min 11722752 total 11722752 avg 11722752.000000 imb 1.000000
refine_subgroup took 4.046538 seconds
refine, comm_size 1
nverts max 35937 min 35937 total 35937 avg 35937.000000 imb 1.000000
nelem max 196608 min 196608 total 196608 avg 196608.000000 imb 1.000000
nneigh max 0 min 0 total 0 avg 0.000000 imb nan
heap max 27009024 min 27009024 total 27009024 avg 27009024.000000 imb 1.000000
heapmax max 27009024 min 27009024 total 27009024 avg 27009024.000000 imb 1.000000
mmap max 21217280 min 21217280 total 21217280 avg 21217280.000000 imb 1.000000
refine_subgroup took 4.280937 seconds
balance, comm_size 2
nverts max 18513 min 18513 total 37026 avg 18513.000000 imb 1.000000
nelem max 98304 min 98304 total 196608 avg 98304.000000 imb 1.000000
nneigh max 1 min 1 total 2 avg 1.000000 imb 1.000000
heap max 40120320 min 21897216 total 62017536 avg 31008768.000000 imb 1.293838
heapmax max 48459776 min 21897216 total 70356992 avg 35178496.000000 imb 1.377540
mmap max 29605888 min 17829888 total 47435776 avg 23717888.000000 imb 1.248251
balance_subgroup took 1.381156 seconds
wall time: 12.684742 seconds
refine, comm_size 2
nverts max 39123 min 31695 total 70818 avg 35409.000000 imb 1.104889
nelem max 219136 min 174080 total 393216 avg 196608.000000 imb 1.114583
nneigh max 1 min 1 total 2 avg 1.000000 imb 1.000000
heap max 45101056 min 25219072 total 70320128 avg 35160064.000000 imb 1.282735
heapmax max 48459776 min 36069376 total 84529152 avg 42264576.000000 imb 1.146581
mmap max 31264768 min 21151744 total 52416512 avg 26208256.000000 imb 1.192936
refine_subgroup took 7.285151 seconds
balance, comm_size 4
nverts max 17729 min 17729 total 70916 avg 17729.000000 imb 1.000000
nelem max 98304 min 98304 total 393216 avg 98304.000000 imb 1.000000
nneigh max 3 min 3 total 12 avg 3.000000 imb 1.000000
heap max 50581504 min 22290432 total 140263424 avg 35065856.000000 imb 1.442472
heapmax max 53440512 min 24272896 total 153522176 avg 38380544.000000 imb 1.392385
mmap max 37928960 min 17829888 total 104853504 avg 26213376.000000 imb 1.446932
balance_subgroup took 1.772566 seconds
wall time: 21.743699 seconds
refine, comm_size 4
nverts max 50721 min 36417 total 179050 avg 44762.500000 imb 1.133114
nelem max 224832 min 157760 total 786432 avg 196608.000000 imb 1.143555
nneigh max 3 min 2 total 10 avg 2.500000 imb 1.200000
heap max 50581504 min 25612288 total 146907136 avg 36726784.000000 imb 1.377237
heapmax max 53440512 min 35221504 total 175714304 avg 43928576.000000 imb 1.216532
mmap max 37928960 min 21151744 total 112975872 avg 28243968.000000 imb 1.342905
refine_subgroup took 13.594722 seconds
balance, comm_size 8
nverts max 22065 min 22065 total 176520 avg 22065.000000 imb 1.000000
nelem max 98304 min 98304 total 786432 avg 98304.000000 imb 1.000000
nneigh max 7 min 7 total 56 avg 7.000000 imb 1.000000
heap max 50581504 min 22290432 total 246820864 avg 30852608.000000 imb 1.639456
heapmax max 57843712 min 24264704 total 298582016 avg 37322752.000000 imb 1.549824
mmap max 37928960 min 20045824 total 201547776 avg 25193472.000000 imb 1.505507
balance_subgroup took 2.135402 seconds
wall time: 37.475126 seconds
refine, comm_size 8
nverts max 43391 min 27000 total 290488 avg 36311.000000 imb 1.194982
nelem max 237246 min 146334 total 1572864 avg 196608.000000 imb 1.206696
nneigh max 7 min 3 total 46 avg 5.750000 imb 1.217391
heap max 55562240 min 25612288 total 280031232 avg 35003904.000000 imb 1.587316
heapmax max 57843712 min 36327424 total 354451456 avg 44306432.000000 imb 1.305538
mmap max 39587840 min 21151744 total 215928832 avg 26991104.000000 imb 1.466700
refine_subgroup took 11.560796 seconds
balance, comm_size 16
nverts max 18513 min 18513 total 296208 avg 18513.000000 imb 1.000000
nelem max 98304 min 98304 total 1572864 avg 98304.000000 imb 1.000000
nneigh max 11 min 7 total 144 avg 9.000000 imb 1.222222
heap max 63950848 min 22290432 total 561164288 avg 35072768.000000 imb 1.823376
heapmax max 63950848 min 24043520 total 617861120 avg 38616320.000000 imb 1.656058
mmap max 47976448 min 17829888 total 438972416 avg 27435776.000000 imb 1.748682
balance_subgroup took 2.448755 seconds
wall time: 51.485970 seconds
refine, comm_size 16
nverts max 40659 min 28755 total 581819 avg 36363.687500 imb 1.118121
nelem max 224448 min 154680 total 3145728 avg 196608.000000 imb 1.141602
nneigh max 10 min 3 total 114 avg 7.125000 imb 1.403509
heap max 63950848 min 25612288 total 614309888 avg 38394368.000000 imb 1.665631
heapmax max 63950848 min 32075776 total 702124032 avg 43882752.000000 imb 1.457312
mmap max 47976448 min 21151744 total 472178688 avg 29511168.000000 imb 1.625705
refine_subgroup took 15.625671 seconds
balance, comm_size 32
nverts max 17729 min 17729 total 567328 avg 17729.000000 imb 1.000000
nelem max 98304 min 98304 total 3145728 avg 98304.000000 imb 1.000000
nneigh max 17 min 7 total 368 avg 11.500000 imb 1.478261
heap max 63950848 min 22290432 total 1106059264 avg 34564352.000000 imb 1.850197
heapmax max 63950848 min 25227264 total 1231835136 avg 38494848.000000 imb 1.661283
mmap max 47976448 min 17829888 total 890408960 avg 27825280.000000 imb 1.724204
balance_subgroup took 2.540553 seconds
wall time: 69.653483 seconds
refine, comm_size 32
nverts max 51724 min 34813 total 1469483 avg 45921.343750 imb 1.126361
nelem max 224556 min 149524 total 6291456 avg 196608.000000 imb 1.142151
nneigh max 16 min 3 total 288 avg 9.000000 imb 1.777778
heap max 63950848 min 25612288 total 1207611392 avg 37737856.000000 imb 1.694607
heapmax max 63950848 min 34000896 total 1404497920 avg 43890560.000000 imb 1.457052
mmap max 47976448 min 21151744 total 975355904 avg 30479872.000000 imb 1.574037
refine_subgroup took 20.975770 seconds
balance, comm_size 64
nverts max 22065 min 22065 total 1412160 avg 22065.000000 imb 1.000000
nelem max 98304 min 98304 total 6291456 avg 98304.000000 imb 1.000000
nneigh max 26 min 7 total 936 avg 14.625000 imb 1.777778
heap max 63950848 min 22290432 total 2193547264 avg 34274176.000000 imb 1.865861
heapmax max 63950848 min 25473024 total 2482757632 avg 38793088.000000 imb 1.648511
mmap max 47976448 min 17829888 total 1790132224 avg 27970816.000000 imb 1.715232
balance_subgroup took 2.892913 seconds
wall time: 93.523411 seconds
refine, comm_size 64
nverts max 43391 min 27000 total 2343239 avg 36613.109375 imb 1.185122
nelem max 237246 min 146334 total 12582912 avg 196608.000000 imb 1.206696
nneigh max 21 min 3 total 740 avg 11.562500 imb 1.816216
heap max 63950848 min 25612288 total 2419073024 avg 37798016.000000 imb 1.691910
heapmax max 63950848 min 33484800 total 2809159680 avg 43893120.000000 imb 1.456967
mmap max 47976448 min 21151744 total 1970806784 avg 30793856.000000 imb 1.557988
refine_subgroup took 14.529386 seconds
balance, comm_size 128
nverts max 18513 min 18513 total 2369664 avg 18513.000000 imb 1.000000
nelem max 98304 min 98304 total 12582912 avg 98304.000000 imb 1.000000
nneigh max 26 min 7 total 2072 avg 16.187500 imb 1.606178
heap max 63950848 min 19927040 total 4287844352 avg 33498784.000000 imb 1.909050
heapmax max 63950848 min 24625152 total 5007093760 avg 39117920.000000 imb 1.634822
mmap max 47976448 min 17829888 total 3533250560 avg 27603520.000000 imb 1.738055
balance_subgroup took 3.403676 seconds
wall time: 111.457717 seconds
refine, comm_size 128
nverts max 41445 min 28755 total 4721315 avg 36885.273438 imb 1.123619
nelem max 224448 min 154680 total 25165824 avg 196608.000000 imb 1.141602
nneigh max 23 min 3 total 1488 avg 11.625000 imb 1.978495
heap max 63950848 min 25612288 total 4744056832 avg 37062944.000000 imb 1.725466
heapmax max 63950848 min 31637504 total 5656330240 avg 44190080.000000 imb 1.447177
mmap max 47976448 min 21151744 total 3900440576 avg 30472192.000000 imb 1.574434
refine_subgroup took 18.280290 seconds
balance, comm_size 256
nverts max 17729 min 17729 total 4538624 avg 17729.000000 imb 1.000000
nelem max 98304 min 98304 total 25165824 avg 98304.000000 imb 1.000000
nneigh max 26 min 7 total 4584 avg 17.906250 imb 1.452007
heap max 63950848 min 22142976 total 8895025152 avg 34746192.000000 imb 1.840514
heapmax max 63950848 min 24821760 total 10136248320 avg 39594720.000000 imb 1.615136
mmap max 47976448 min 17829888 total 7379709952 avg 28826992.000000 imb 1.664289
balance_subgroup took 3.297655 seconds
wall time: 133.036911 seconds
refine, comm_size 256
nverts max 54240 min 34813 total 11889280 avg 46442.500000 imb 1.167896
nelem max 228194 min 149524 total 50331648 avg 196608.000000 imb 1.160655
nneigh max 24 min 3 total 3478 avg 13.585938 imb 1.766532
heap max 63950848 min 25612288 total 9936711680 avg 38815280.000000 imb 1.647569
heapmax max 63950848 min 32104448 total 11620560896 avg 45392816.000000 imb 1.408832
mmap max 47976448 min 21151744 total 8171229184 avg 31918864.000000 imb 1.503075
refine_subgroup took 24.641389 seconds
balance, comm_size 512
nverts max 22065 min 22065 total 11297280 avg 22065.000000 imb 1.000000
nelem max 98304 min 98304 total 50331648 avg 98304.000000 imb 1.000000
nneigh max 26 min 7 total 10136 avg 19.796875 imb 1.313339
heap max 63950848 min 22290432 total 18982289408 avg 37074784.000000 imb 1.724915
heapmax max 63950848 min 26001408 total 21258772480 avg 41521040.000000 imb 1.540203
mmap max 48041984 min 17829888 total 15519752192 avg 30312016.000000 imb 1.584916
balance_subgroup took 3.685239 seconds
wall time: 161.364802 seconds
refine, comm_size 512
nverts max 43391 min 27000 total 18842810 avg 36802.363281 imb 1.179028
nelem max 237246 min 146334 total 100663296 avg 196608.000000 imb 1.206696
nneigh max 24 min 3 total 7876 avg 15.382812 imb 1.560183
heap max 63950848 min 25612288 total 20109074432 avg 39275536.000000 imb 1.628262
heapmax max 63950848 min 31449088 total 23226322944 avg 45363912.000000 imb 1.409730
mmap max 48041984 min 21151744 total 16431796224 avg 32093352.000000 imb 1.496945
refine_subgroup took 15.868577 seconds
balance, comm_size 1024
nverts max 18513 min 18513 total 18957312 avg 18513.000000 imb 1.000000
nelem max 98304 min 98304 total 100663296 avg 98304.000000 imb 1.000000
nneigh max 26 min 7 total 21240 avg 20.742188 imb 1.253484
heap max 67010560 min 19927040 total 36998103040 avg 36130960.000000 imb 1.854658
heapmax max 67010560 min 23863296 total 41765330944 avg 40786456.000000 imb 1.642961
mmap max 52957184 min 17829888 total 30737272832 avg 30016868.000000 imb 1.764247
balance_subgroup took 3.868387 seconds
wall time: 181.103135 seconds
refine, comm_size 1024
nverts max 41605 min 28755 total 37919147 avg 37030.416992 imb 1.123536
nelem max 224448 min 154680 total 201326592 avg 196608.000000 imb 1.141602
nneigh max 23 min 3 total 15542 avg 15.177734 imb 1.515378
heap max 67010560 min 23248896 total 39381155840 avg 38458160.000000 imb 1.742428
heapmax max 67010560 min 31608832 total 45712084992 avg 44640708.000000 imb 1.501109
mmap max 52957184 min 21151744 total 32677806080 avg 31911920.000000 imb 1.659480
refine_subgroup took 19.964236 seconds
balance, comm_size 2048
nverts max 17729 min 17729 total 36308992 avg 17729.000000 imb 1.000000
nelem max 98304 min 98304 total 201326592 avg 98304.000000 imb 1.000000
nneigh max 26 min 7 total 44504 avg 21.730469 imb 1.196477
heap max 67010560 min 19927040 total 75437375488 avg 36834656.000000 imb 1.819226
heapmax max 67010560 min 24330240 total 83966406656 avg 40999222.000000 imb 1.634435
mmap max 52957184 min 17829888 total 62729109504 avg 30629448.000000 imb 1.728963
balance_subgroup took 4.689588 seconds
wall time: 205.758229 seconds
refine, comm_size 2048
nverts max 54816 min 34813 total 95468172 avg 46615.318359 imb 1.175922
nelem max 229734 min 149524 total 402653184 avg 196608.000000 imb 1.168488
nneigh max 25 min 3 total 32848 avg 16.039062 imb 1.558695
heap max 67010560 min 25612288 total 81272283136 avg 39683732.000000 imb 1.688615
heapmax max 67010560 min 32866304 total 94727028736 avg 46253432.000000 imb 1.448769
mmap max 52957184 min 21151744 total 67928776704 avg 33168348.000000 imb 1.596618
refine_subgroup took 24.475988 seconds
balance, comm_size 4096
nverts max 22065 min 22065 total 90378240 avg 22065.000000 imb 1.000000
nelem max 98304 min 98304 total 402653184 avg 98304.000000 imb 1.000000
nneigh max 26 min 7 total 93240 avg 22.763672 imb 1.142171
heap max 71479296 min 19927040 total 155457499136 avg 37953491.000000 imb 1.883339
heapmax max 71479296 min 25333760 total 172397539328 avg 42089243.000000 imb 1.698279
mmap max 52957184 min 17829888 total 129724821504 avg 31671099.000000 imb 1.672098
balance_subgroup took 5.889505 seconds
wall time: 236.125013 seconds
refine, comm_size 4096
nverts max 43391 min 27000 total 150843051 avg 36826.916748 imb 1.178241
nelem max 237246 min 146334 total 805306368 avg 196608.000000 imb 1.206696
nneigh max 24 min 3 total 73480 avg 17.939453 imb 1.337833
heap max 71479296 min 23248896 total 160287690752 avg 39132737.000000 imb 1.826586
heapmax max 71479296 min 31465472 total 187479990272 avg 45771482.000000 imb 1.561656
mmap max 52957184 min 21151744 total 133708972032 avg 32643792.000000 imb 1.622274
refine_subgroup took 18.221862 seconds
balance, comm_size 8192
nverts max 18513 min 18513 total 151658496 avg 18513.000000 imb 1.000000
nelem max 98304 min 98304 total 805306368 avg 98304.000000 imb 1.000000
nneigh max 26 min 7 total 190712 avg 23.280273 imb 1.116825
heap max 72339456 min 22142976 total 308157333504 avg 37616862.000000 imb 1.923059
heapmax max 72339456 min 28205056 total 337636323328 avg 41215371.500000 imb 1.755157
mmap max 56365056 min 20045824 total 266542637056 avg 32536943.000000 imb 1.732340
balance_subgroup took 7.777626 seconds
wall time: 262.125789 seconds
refine, comm_size 8192
nverts max 41605 min 28755 total 303230340 avg 37015.422363 imb 1.123991
nelem max 224448 min 154680 total 1610612736 avg 196608.000000 imb 1.141602
nneigh max 23 min 3 total 129186 avg 15.769775 imb 1.458486
heap max 72339456 min 26943488 total 315599654912 avg 38525348.500000 imb 1.877711
heapmax max 72339456 min 32866304 total 371763150848 avg 45381244.000000 imb 1.594039
mmap max 56365056 min 24473600 total 272861650944 avg 33308307.000000 imb 1.692222
refine_subgroup took 21.396851 seconds
balance, comm_size 16384
nverts max 17729 min 17729 total 290471936 avg 17729.000000 imb 1.000000
nelem max 98304 min 98304 total 1610612736 avg 98304.000000 imb 1.000000
nneigh max 26 min 7 total 390072 avg 23.808105 imb 1.092065
heap max 73142272 min 19927040 total 609775591424 avg 37217748.500000 imb 1.965252
heapmax max 73142272 min 25821184 total 674567749632 avg 41172348.000000 imb 1.776490
mmap max 56430592 min 17829888 total 527298101248 avg 32183722.000000 imb 1.753389
balance_subgroup took 5.330098 seconds
wall time: 288.854023 seconds
git rev:
3e48f2cdaa13e085dda8d169c6858317059d02d6
module load gnu-4.7.2
CFLAGS = -flto -O3 -std=gnu99
LDFLAGS = -flto -O3
